# Logfile created on 2015-06-16 15:13:58 -0300 by logger.rb/44203
I, [2015-06-16T15:13:58.556015 #22374]  INFO -- : 0:  i18n (0.7.0) from /home/lucas/.rvm/gems/ruby-2.1.0/specifications/i18n-0.7.0.gemspec
I, [2015-06-16T15:14:03.970518 #22374]  INFO -- : 0:  json (1.8.3) from /home/lucas/.rvm/gems/ruby-2.1.0/specifications/json-1.8.3.gemspec
I, [2015-06-16T15:14:06.385393 #22374]  INFO -- : 0:  minitest (5.7.0) from /home/lucas/.rvm/gems/ruby-2.1.0/specifications/minitest-5.7.0.gemspec
I, [2015-06-16T15:14:09.111472 #22374]  INFO -- : 0:  thread_safe (0.3.5) from /home/lucas/.rvm/gems/ruby-2.1.0/specifications/thread_safe-0.3.5.gemspec
I, [2015-06-16T15:14:11.893420 #22374]  INFO -- : 0:  tzinfo (1.2.2) from /home/lucas/.rvm/gems/ruby-2.1.0/specifications/tzinfo-1.2.2.gemspec
I, [2015-06-16T15:14:15.199349 #22374]  INFO -- : 0:  activesupport (4.2.2) from /home/lucas/.rvm/gems/ruby-2.1.0/specifications/activesupport-4.2.2.gemspec
I, [2015-06-16T15:14:15.200617 #22374]  INFO -- : 0:  blankslate (2.1.2.4) from /home/lucas/.rvm/gems/ruby-2.1.0/specifications/blankslate-2.1.2.4.gemspec
I, [2015-06-16T15:14:15.201575 #22374]  INFO -- : 0:  hitimes (1.2.2) from /home/lucas/.rvm/gems/ruby-2.1.0/specifications/hitimes-1.2.2.gemspec
I, [2015-06-16T15:14:15.202607 #22374]  INFO -- : 0:  timers (4.0.1) from /home/lucas/.rvm/gems/ruby-2.1.0/specifications/timers-4.0.1.gemspec
I, [2015-06-16T15:14:15.203555 #22374]  INFO -- : 0:  celluloid (0.16.0) from /home/lucas/.rvm/gems/ruby-2.1.0/specifications/celluloid-0.16.0.gemspec
I, [2015-06-16T15:14:15.204479 #22374]  INFO -- : 0:  fast-stemmer (1.0.2) from /home/lucas/.rvm/gems/ruby-2.1.0/specifications/fast-stemmer-1.0.2.gemspec
I, [2015-06-16T15:14:15.205396 #22374]  INFO -- : 0:  classifier-reborn (2.0.3) from /home/lucas/.rvm/gems/ruby-2.1.0/specifications/classifier-reborn-2.0.3.gemspec
I, [2015-06-16T15:14:15.206353 #22374]  INFO -- : 0:  coffee-script-source (1.9.1.1) from /home/lucas/.rvm/gems/ruby-2.1.0/specifications/coffee-script-source-1.9.1.1.gemspec
I, [2015-06-16T15:14:15.207278 #22374]  INFO -- : 0:  execjs (2.5.2) from /home/lucas/.rvm/gems/ruby-2.1.0/specifications/execjs-2.5.2.gemspec
I, [2015-06-16T15:14:15.208234 #22374]  INFO -- : 0:  coffee-script (2.4.1) from /home/lucas/.rvm/gems/ruby-2.1.0/specifications/coffee-script-2.4.1.gemspec
I, [2015-06-16T15:14:15.209173 #22374]  INFO -- : 0:  colorator (0.1) from /home/lucas/.rvm/gems/ruby-2.1.0/specifications/colorator-0.1.gemspec
I, [2015-06-16T15:14:15.209914 #22374]  INFO -- : 0:  ffi (1.9.8) from /home/lucas/.rvm/gems/ruby-2.1.0/specifications/ffi-1.9.8.gemspec
I, [2015-06-16T15:14:24.054046 #22374]  INFO -- : 0:  gemoji (2.1.0) from /home/lucas/.rvm/gems/ruby-2.1.0/specifications/gemoji-2.1.0.gemspec
I, [2015-06-16T15:14:26.233282 #22374]  INFO -- : 0:  mini_portile (0.6.2) from /home/lucas/.rvm/gems/ruby-2.1.0/specifications/mini_portile-0.6.2.gemspec
I, [2015-06-16T15:15:54.245276 #22374]  INFO -- : 0:  nokogiri (1.6.6.2) from /home/lucas/.rvm/gems/ruby-2.1.0/specifications/nokogiri-1.6.6.2.gemspec
I, [2015-06-16T15:15:56.529377 #22374]  INFO -- : 0:  html-pipeline (1.11.0) from /home/lucas/.rvm/gems/ruby-2.1.0/specifications/html-pipeline-1.11.0.gemspec
I, [2015-06-16T15:15:56.530727 #22374]  INFO -- : 0:  jekyll-coffeescript (1.0.1) from /home/lucas/.rvm/gems/ruby-2.1.0/specifications/jekyll-coffeescript-1.0.1.gemspec
I, [2015-06-16T15:15:56.531786 #22374]  INFO -- : 0:  jekyll-gist (1.2.1) from /home/lucas/.rvm/gems/ruby-2.1.0/specifications/jekyll-gist-1.2.1.gemspec
I, [2015-06-16T15:15:56.532743 #22374]  INFO -- : 0:  jekyll-paginate (1.1.0) from /home/lucas/.rvm/gems/ruby-2.1.0/specifications/jekyll-paginate-1.1.0.gemspec
I, [2015-06-16T15:15:59.846819 #22374]  INFO -- : 0:  sass (3.4.14) from /home/lucas/.rvm/gems/ruby-2.1.0/specifications/sass-3.4.14.gemspec
I, [2015-06-16T15:15:59.847257 #22374]  INFO -- : 0:  jekyll-sass-converter (1.3.0) from /home/lucas/.rvm/gems/ruby-2.1.0/specifications/jekyll-sass-converter-1.3.0.gemspec
I, [2015-06-16T15:16:02.222104 #22374]  INFO -- : 0:  rb-fsevent (0.9.5) from /home/lucas/.rvm/gems/ruby-2.1.0/specifications/rb-fsevent-0.9.5.gemspec
I, [2015-06-16T15:16:02.223321 #22374]  INFO -- : 0:  rb-inotify (0.9.5) from /home/lucas/.rvm/gems/ruby-2.1.0/specifications/rb-inotify-0.9.5.gemspec
I, [2015-06-16T15:16:02.224307 #22374]  INFO -- : 0:  listen (2.10.0) from /home/lucas/.rvm/gems/ruby-2.1.0/specifications/listen-2.10.0.gemspec
I, [2015-06-16T15:16:02.225334 #22374]  INFO -- : 0:  jekyll-watch (1.2.1) from /home/lucas/.rvm/gems/ruby-2.1.0/specifications/jekyll-watch-1.2.1.gemspec
I, [2015-06-16T15:16:02.226331 #22374]  INFO -- : 0:  kramdown (1.7.0) from /home/lucas/.rvm/gems/ruby-2.1.0/specifications/kramdown-1.7.0.gemspec
I, [2015-06-16T15:16:02.227278 #22374]  INFO -- : 0:  liquid (2.6.2) from /home/lucas/.rvm/gems/ruby-2.1.0/specifications/liquid-2.6.2.gemspec
I, [2015-06-16T15:16:02.228212 #22374]  INFO -- : 0:  mercenary (0.3.5) from /home/lucas/.rvm/gems/ruby-2.1.0/specifications/mercenary-0.3.5.gemspec
I, [2015-06-16T15:16:02.229147 #22374]  INFO -- : 0:  posix-spawn (0.3.11) from /home/lucas/.rvm/gems/ruby-2.1.0/specifications/posix-spawn-0.3.11.gemspec
I, [2015-06-16T15:16:02.230013 #22374]  INFO -- : 0:  yajl-ruby (1.2.1) from /home/lucas/.rvm/gems/ruby-2.1.0/specifications/yajl-ruby-1.2.1.gemspec
I, [2015-06-16T15:16:02.230409 #22374]  INFO -- : 0:  pygments.rb (0.6.3) from /home/lucas/.rvm/gems/ruby-2.1.0/specifications/pygments.rb-0.6.3.gemspec
I, [2015-06-16T15:16:07.424011 #22374]  INFO -- : 0:  redcarpet (3.3.1) from /home/lucas/.rvm/gems/ruby-2.1.0/specifications/redcarpet-3.3.1.gemspec
I, [2015-06-16T15:16:07.424947 #22374]  INFO -- : 0:  safe_yaml (1.0.4) from /home/lucas/.rvm/gems/ruby-2.1.0/specifications/safe_yaml-1.0.4.gemspec
I, [2015-06-16T15:16:07.425637 #22374]  INFO -- : 0:  parslet (1.5.0) from /home/lucas/.rvm/gems/ruby-2.1.0/specifications/parslet-1.5.0.gemspec
I, [2015-06-16T15:16:07.426159 #22374]  INFO -- : 0:  toml (0.1.2) from /home/lucas/.rvm/gems/ruby-2.1.0/specifications/toml-0.1.2.gemspec
I, [2015-06-16T15:16:07.426713 #22374]  INFO -- : 0:  jekyll (2.5.3) from /home/lucas/.rvm/gems/ruby-2.1.0/specifications/jekyll-2.5.3.gemspec
I, [2015-06-16T15:16:09.327061 #22374]  INFO -- : 0:  jemoji (0.5.0) from /home/lucas/.rvm/gems/ruby-2.1.0/specifications/jemoji-0.5.0.gemspec
I, [2015-06-16T15:16:09.327501 #22374]  INFO -- : 0:  bundler (1.5.0) from /home/lucas/.rvm/gems/ruby-2.1.0@global/specifications/bundler-1.5.0.gemspec
